<?xml version="1.0" encoding="UTF-8"?>
<!-- Generated by org.testng.reporters.JUnitReportReporter -->
<testsuite hostname="Navi-Laptop" failures="0" tests="2" name="com.java.pro.JavaSelenium.Testng1" time="8.287" errors="0" timestamp="2021-11-02T15:22:13 IST" skipped="0">
  <testcase classname="com.java.pro.JavaSelenium.Testng1" name="testScrollAndClick" time="5.016"/>
  <system-out/>
  <testcase classname="com.java.pro.JavaSelenium.Testng1" name="logoTest" time="3.271"/>
  <system-out/>
</testsuite> <!-- com.java.pro.JavaSelenium.Testng1 -->
