<?xml version="1.0" encoding="UTF-8"?>
<!-- Generated by org.testng.reporters.JUnitReportReporter -->
<testsuite hostname="Navi-Laptop" failures="0" tests="2" name="com.java.pro.JavaSelenium.TestAnnotations" time="0.005" errors="0" timestamp="2021-11-02T10:30:14 IST" skipped="0">
  <testcase classname="com.java.pro.JavaSelenium.TestAnnotations" name="testcase2" time="0.001"/>
  <system-out/>
  <testcase classname="com.java.pro.JavaSelenium.TestAnnotations" name="testcase1" time="0.004"/>
  <system-out/>
</testsuite> <!-- com.java.pro.JavaSelenium.TestAnnotations -->
