<?xml version="1.0" encoding="UTF-8"?>
<!-- Generated by org.testng.reporters.JUnitReportReporter -->
<testsuite hostname="Navi-Laptop" failures="0" tests="1" name="DataProvider.DataPro" time="3.199" errors="0" timestamp="2021-11-02T14:46:20 IST" skipped="0">
  <testcase classname="DataProvider.DataPro" name="login" time="3.199"/>
  <system-out/>
</testsuite> <!-- DataProvider.DataPro -->
