<?xml version="1.0" encoding="UTF-8"?>
<!-- Generated by org.testng.reporters.JUnitReportReporter -->
<testsuite hostname="Navi-Laptop" failures="0" tests="1" name="com.java.pro.JavaSelenium.Testng2" time="16.948" errors="0" timestamp="2021-11-02T11:00:07 IST" skipped="0">
  <testcase classname="com.java.pro.JavaSelenium.Testng2" name="amazonTestScrollAndClick" time="16.948"/>
  <system-out/>
</testsuite> <!-- com.java.pro.JavaSelenium.Testng2 -->
